<?xml version="1.0" encoding="UTF-8"?>
<testng-results ignored="0" total="1" passed="1" failed="0" skipped="0">
  <reporter-output>
  </reporter-output>
  <suite started-at="2021-04-05T19:17:21Z" name="Surefire suite" finished-at="2021-04-05T19:19:04Z" duration-ms="103197">
    <groups>
    </groups>
    <test started-at="2021-04-05T19:17:21Z" name="Surefire test" finished-at="2021-04-05T19:19:04Z" duration-ms="103197">
      <class name="test.company.tests.SearchResultsTest">
        <test-method is-config="true" signature="initializeTestBaseSetup()[pri:0, instance:test.company.tests.SearchResultsTest@3bb9a3ff]" started-at="2021-04-06T00:47:21Z" name="initializeTestBaseSetup" finished-at="2021-04-06T00:47:41Z" duration-ms="20148" status="PASS">
          <reporter-output>
          </reporter-output>
        </test-method> <!-- initializeTestBaseSetup -->
        <test-method signature="verifyFlightResults()[pri:0, instance:test.company.tests.SearchResultsTest@3bb9a3ff]" started-at="2021-04-06T00:47:41Z" name="verifyFlightResults" finished-at="2021-04-06T00:49:00Z" duration-ms="78921" status="PASS">
          <reporter-output>
          </reporter-output>
        </test-method> <!-- verifyFlightResults -->
        <test-method is-config="true" signature="tearDown()[pri:0, instance:test.company.tests.SearchResultsTest@3bb9a3ff]" started-at="2021-04-06T00:49:00Z" name="tearDown" finished-at="2021-04-06T00:49:04Z" duration-ms="4112" status="PASS">
          <reporter-output>
          </reporter-output>
        </test-method> <!-- tearDown -->
      </class> <!-- test.company.tests.SearchResultsTest -->
    </test> <!-- Surefire test -->
  </suite> <!-- Surefire suite -->
</testng-results>
