<?xml version="1.0" encoding="UTF-8"?>
<testng-results ignored="0" total="1" passed="1" failed="0" skipped="0">
  <reporter-output>
  </reporter-output>
  <suite started-at="2021-04-05T18:54:16Z" name="Page Object test" finished-at="2021-04-05T18:55:14Z" duration-ms="58656">
    <groups>
    </groups>
    <test started-at="2021-04-05T18:54:16Z" name="sample test" finished-at="2021-04-05T18:55:14Z" duration-ms="58656">
      <class name="test.company.tests.SearchResultsTest">
        <test-method is-config="true" signature="initializeTestBaseSetup(java.lang.String, java.lang.String)[pri:0, instance:test.company.tests.SearchResultsTest@10aa41f2]" started-at="2021-04-05T18:54:16Z" name="initializeTestBaseSetup" finished-at="2021-04-05T18:54:27Z" duration-ms="11232" status="PASS">
          <params>
            <param index="0">
              <value>
                <![CDATA[chrome]]>
              </value>
            </param>
            <param index="1">
              <value>
                <![CDATA[https://www.ixigo.com/]]>
              </value>
            </param>
          </params>
          <reporter-output>
          </reporter-output>
        </test-method> <!-- initializeTestBaseSetup -->
        <test-method signature="verifyFlightResults()[pri:0, instance:test.company.tests.SearchResultsTest@10aa41f2]" started-at="2021-04-05T18:54:27Z" name="verifyFlightResults" finished-at="2021-04-05T18:55:13Z" duration-ms="46640" status="PASS">
          <reporter-output>
          </reporter-output>
        </test-method> <!-- verifyFlightResults -->
        <test-method is-config="true" signature="tearDown()[pri:0, instance:test.company.tests.SearchResultsTest@10aa41f2]" started-at="2021-04-05T18:55:13Z" name="tearDown" finished-at="2021-04-05T18:55:14Z" duration-ms="765" status="PASS">
          <reporter-output>
          </reporter-output>
        </test-method> <!-- tearDown -->
      </class> <!-- test.company.tests.SearchResultsTest -->
    </test> <!-- sample test -->
  </suite> <!-- Page Object test -->
</testng-results>
